<?xml version="1.0" encoding="UTF-8"?>
<!-- Generated by org.testng.reporters.JUnitXMLReporter -->
<testsuite ignored="0" hostname="MacBook7528.local" failures="2" tests="3" name="Surefire test" time="47.504" errors="0" timestamp="2021-06-10T18:22:42 EEST">
  <testcase classname="pack01.tests.InspectModePageTest" name="testVerifyCountImagesElements" time="21.703">
    <failure type="org.openqa.selenium.ElementClickInterceptedException" message="element click intercepted: Element &amp;lt;div align=&amp;quot;left&amp;quot; class=&amp;quot;text sc-fMiknA ioeJqN styles__Root-sc-1myek4t-0 bHrtAq&amp;quot;&amp;gt;...&amp;lt;/div&amp;gt; is not clickable at point (1017, 23). Other element would receive the click: &amp;lt;button aria-label=&amp;quot;Click to close the overlay&amp;quot; data-test-id=&amp;quot;helios-dialog-overlay&amp;quot; class=&amp;quot;styles__Overlay-sc-1py4vnp-2 byqvbp&amp;quot;&amp;gt;&amp;lt;/button&amp;gt;
  (Session info: chrome=91.0.4472.77)
Build info: version: &amp;apos;3.141.59&amp;apos;, revision: &amp;apos;e82be7d358&amp;apos;, time: &amp;apos;2018-11-14T08:17:03&amp;apos;
System info: host: &amp;apos;MacBook7528.local&amp;apos;, ip: &amp;apos;fe80:0:0:0:1c07:1465:ad38:3879%en0&amp;apos;, os.name: &amp;apos;Mac OS X&amp;apos;, os.arch: &amp;apos;x86_64&amp;apos;, os.version: &amp;apos;10.15.7&amp;apos;, java.version: &amp;apos;14.0.1&amp;apos;
Driver info: org.openqa.selenium.chrome.ChromeDriver
Capabilities {acceptInsecureCerts: false, browserName: chrome, browserVersion: 91.0.4472.77, chrome: {chromedriverVersion: 91.0.4472.19 (1bf021f248676..., userDataDir: /var/folders/gn/v3vkkk_52bx...}, goog:chromeOptions: {debuggerAddress: localhost:51821}, javascriptEnabled: true, networkConnectionEnabled: false, pageLoadStrategy: normal, platform: MAC, platformName: MAC, proxy: Proxy(), setWindowRect: true, strictFileInteractability: false, timeouts: {implicit: 0, pageLoad: 300000, script: 30000}, unhandledPromptBehavior: dismiss and notify, webauthn:extension:largeBlob: true, webauthn:virtualAuthenticators: true}
Session ID: f21a05ba4c6829002187a4d792c8581d">
      <![CDATA[org.openqa.selenium.ElementClickInterceptedException: element click intercepted: Element <div align="left" class="text sc-fMiknA ioeJqN styles__Root-sc-1myek4t-0 bHrtAq">...</div> is not clickable at point (1017, 23). Other element would receive the click: <button aria-label="Click to close the overlay" data-test-id="helios-dialog-overlay" class="styles__Overlay-sc-1py4vnp-2 byqvbp"></button>
  (Session info: chrome=91.0.4472.77)
Build info: version: '3.141.59', revision: 'e82be7d358', time: '2018-11-14T08:17:03'
System info: host: 'MacBook7528.local', ip: 'fe80:0:0:0:1c07:1465:ad38:3879%en0', os.name: 'Mac OS X', os.arch: 'x86_64', os.version: '10.15.7', java.version: '14.0.1'
Driver info: org.openqa.selenium.chrome.ChromeDriver
Capabilities {acceptInsecureCerts: false, browserName: chrome, browserVersion: 91.0.4472.77, chrome: {chromedriverVersion: 91.0.4472.19 (1bf021f248676..., userDataDir: /var/folders/gn/v3vkkk_52bx...}, goog:chromeOptions: {debuggerAddress: localhost:51821}, javascriptEnabled: true, networkConnectionEnabled: false, pageLoadStrategy: normal, platform: MAC, platformName: MAC, proxy: Proxy(), setWindowRect: true, strictFileInteractability: false, timeouts: {implicit: 0, pageLoad: 300000, script: 30000}, unhandledPromptBehavior: dismiss and notify, webauthn:extension:largeBlob: true, webauthn:virtualAuthenticators: true}
Session ID: f21a05ba4c6829002187a4d792c8581d
at org.openqa.selenium.remote.http.W3CHttpResponseCodec.createException(W3CHttpResponseCodec.java:187)
at org.openqa.selenium.remote.http.W3CHttpResponseCodec.decode(W3CHttpResponseCodec.java:122)
at org.openqa.selenium.remote.http.W3CHttpResponseCodec.decode(W3CHttpResponseCodec.java:49)
at org.openqa.selenium.remote.HttpCommandExecutor.execute(HttpCommandExecutor.java:158)
at org.openqa.selenium.remote.service.DriverCommandExecutor.execute(DriverCommandExecutor.java:83)
at org.openqa.selenium.remote.RemoteWebDriver.execute(RemoteWebDriver.java:552)
at org.openqa.selenium.remote.RemoteWebElement.execute(RemoteWebElement.java:285)
at org.openqa.selenium.remote.RemoteWebElement.click(RemoteWebElement.java:84)
at pack01.Page.click(Page.java:66)
at pack01.pages.InspectModePage.clickAssets(InspectModePage.java:46)
at pack01.tests.InspectModePageTest.testVerifyCountImagesElements(InspectModePageTest.java:49)
at java.base/java.util.ArrayList.forEach(ArrayList.java:1510)
... Removed 37 stack frames]]>
    </failure>
  </testcase> <!-- testVerifyCountImagesElements -->
  <testcase classname="pack01.tests.InspectModePageTest" name="testVerifyRectangle6IsPresent" time="7.545">
    <failure type="org.openqa.selenium.NoSuchElementException" message="Cannot locate an element using xpath=//h1[normalize-space()=&amp;apos;Sign in to Chrome&amp;apos;]
For documentation on this error, please visit: https://www.seleniumhq.org/exceptions/no_such_element.html
Build info: version: &amp;apos;3.141.59&amp;apos;, revision: &amp;apos;e82be7d358&amp;apos;, time: &amp;apos;2018-11-14T08:17:03&amp;apos;
System info: host: &amp;apos;MacBook7528.local&amp;apos;, ip: &amp;apos;fe80:0:0:0:1c07:1465:ad38:3879%en0&amp;apos;, os.name: &amp;apos;Mac OS X&amp;apos;, os.arch: &amp;apos;x86_64&amp;apos;, os.version: &amp;apos;10.15.7&amp;apos;, java.version: &amp;apos;14.0.1&amp;apos;
Driver info: driver.version: RemoteWebDriver">
      <![CDATA[org.openqa.selenium.NoSuchElementException: Cannot locate an element using xpath=//h1[normalize-space()='Sign in to Chrome']
For documentation on this error, please visit: https://www.seleniumhq.org/exceptions/no_such_element.html
Build info: version: '3.141.59', revision: 'e82be7d358', time: '2018-11-14T08:17:03'
System info: host: 'MacBook7528.local', ip: 'fe80:0:0:0:1c07:1465:ad38:3879%en0', os.name: 'Mac OS X', os.arch: 'x86_64', os.version: '10.15.7', java.version: '14.0.1'
Driver info: driver.version: RemoteWebDriver
at org.openqa.selenium.remote.RemoteWebDriver.findElement(RemoteWebDriver.java:327)
at org.openqa.selenium.remote.RemoteWebDriver.findElementByXPath(RemoteWebDriver.java:428)
at org.openqa.selenium.By$ByXPath.findElement(By.java:353)
at org.openqa.selenium.remote.RemoteWebDriver.findElement(RemoteWebDriver.java:315)
at pack01.pages.AuthPage.verifyAuthH1Title(AuthPage.java:43)
at pack01.tests.InspectModePageTest.testVerifyRectangle6IsPresent(InspectModePageTest.java:10)
at java.base/java.util.ArrayList.forEach(ArrayList.java:1510)
... Removed 32 stack frames]]>
    </failure>
  </testcase> <!-- testVerifyRectangle6IsPresent -->
  <testcase classname="pack01.tests.AuthPageTest" name="testPositiveLoginField" time="10.735"/>
</testsuite> <!-- Surefire test -->
