{"name":"testLoginField","status":"skipped","statusDetails":{"known":false,"muted":false,"flaky":false,"message":"com/google/gson/JsonElement","trace":"java.lang.NoClassDefFoundError: com/google/gson/JsonElement\n\tat java.lang.Class.getDeclaredMethods0(Native Method)\n\tat java.lang.Class.privateGetDeclaredMethods(Class.java:2701)\n\tat java.lang.Class.getDeclaredMethod(Class.java:2128)\n\tat org.openqa.selenium.json.JsonOutput.getMethod(JsonOutput.java:307)\n\tat org.openqa.selenium.json.JsonOutput.lambda$new$15(JsonOutput.java:154)\n\tat org.openqa.selenium.json.JsonOutput.lambda$write$29(JsonOutput.java:260)\n\tat java.util.stream.ReferencePipeline$2$1.accept(ReferencePipeline.java:174)\n\tat java.util.Spliterators$ArraySpliterator.tryAdvance(Spliterators.java:958)\n\tat java.util.stream.ReferencePipeline.forEachWithCancel(ReferencePipeline.java:126)\n\tat java.util.stream.AbstractPipeline.copyIntoWithCancel(AbstractPipeline.java:499)\n\tat java.util.stream.AbstractPipeline.copyInto(AbstractPipeline.java:486)\n\tat java.util.stream.AbstractPipeline.wrapAndCopyInto(AbstractPipeline.java:472)\n\tat java.util.stream.FindOps$FindOp.evaluateSequential(FindOps.java:152)\n\tat java.util.stream.AbstractPipeline.evaluate(AbstractPipeline.java:234)\n\tat java.util.stream.ReferencePipeline.findFirst(ReferencePipeline.java:464)\n\tat org.openqa.selenium.json.JsonOutput.write(JsonOutput.java:261)\n\tat org.openqa.selenium.json.JsonOutput.lambda$null$23(JsonOutput.java:177)\n\tat java.util.TreeMap.forEach(TreeMap.java:1005)\n\tat java.util.Collections$UnmodifiableMap.forEach(Collections.java:1507)\n\tat org.openqa.selenium.json.JsonOutput.lambda$new$24(JsonOutput.java:176)\n\tat org.openqa.selenium.json.JsonOutput.write(JsonOutput.java:264)\n\tat org.openqa.selenium.json.JsonOutput.lambda$null$23(JsonOutput.java:177)\n\tat com.google.common.collect.SingletonImmutableBiMap.forEach(SingletonImmutableBiMap.java:65)\n\tat org.openqa.selenium.json.JsonOutput.lambda$new$24(JsonOutput.java:176)\n\tat org.openqa.selenium.json.JsonOutput.write(JsonOutput.java:264)\n\tat org.openqa.selenium.json.JsonOutput.write(JsonOutput.java:255)\n\tat org.openqa.selenium.json.Json.toJson(Json.java:42)\n\tat org.openqa.selenium.remote.NewSessionPayload.create(NewSessionPayload.java:100)\n\tat org.openqa.selenium.remote.NewSessionPayload.create(NewSessionPayload.java:94)\n\tat org.openqa.selenium.remote.ProtocolHandshake.createSession(ProtocolHandshake.java:68)\n\tat org.openqa.selenium.remote.HttpCommandExecutor.execute(HttpCommandExecutor.java:136)\n\tat org.openqa.selenium.remote.service.DriverCommandExecutor.execute(DriverCommandExecutor.java:83)\n\tat org.openqa.selenium.remote.RemoteWebDriver.execute(RemoteWebDriver.java:552)\n\tat org.openqa.selenium.remote.RemoteWebDriver.startSession(RemoteWebDriver.java:213)\n\tat org.openqa.selenium.remote.RemoteWebDriver.<init>(RemoteWebDriver.java:131)\n\tat org.openqa.selenium.chrome.ChromeDriver.<init>(ChromeDriver.java:170)\n\tat org.openqa.selenium.chrome.ChromeDriver.<init>(ChromeDriver.java:159)\n\tat org.openqa.selenium.chrome.ChromeDriver.<init>(ChromeDriver.java:148)\n\tat pack01.BaseTest.setup(BaseTest.java:22)\n\tat sun.reflect.NativeMethodAccessorImpl.invoke0(Native Method)\n\tat sun.reflect.NativeMethodAccessorImpl.invoke(NativeMethodAccessorImpl.java:62)\n\tat sun.reflect.DelegatingMethodAccessorImpl.invoke(DelegatingMethodAccessorImpl.java:43)\n\tat java.lang.reflect.Method.invoke(Method.java:498)\n\tat org.testng.internal.MethodInvocationHelper.invokeMethod(MethodInvocationHelper.java:133)\n\tat org.testng.internal.MethodInvocationHelper.invokeMethodConsideringTimeout(MethodInvocationHelper.java:62)\n\tat org.testng.internal.ConfigInvoker.invokeConfigurationMethod(ConfigInvoker.java:385)\n\tat org.testng.internal.ConfigInvoker.invokeConfigurations(ConfigInvoker.java:321)\n\tat org.testng.internal.TestMethodWorker.invokeBeforeClassMethods(TestMethodWorker.java:176)\n\tat org.testng.internal.TestMethodWorker.run(TestMethodWorker.java:122)\n\tat java.util.ArrayList.forEach(ArrayList.java:1257)\n\tat org.testng.TestRunner.privateRun(TestRunner.java:794)\n\tat org.testng.TestRunner.run(TestRunner.java:596)\n\tat org.testng.SuiteRunner.runTest(SuiteRunner.java:377)\n\tat org.testng.SuiteRunner.runSequentially(SuiteRunner.java:371)\n\tat org.testng.SuiteRunner.privateRun(SuiteRunner.java:332)\n\tat org.testng.SuiteRunner.run(SuiteRunner.java:276)\n\tat org.testng.SuiteRunnerWorker.runSuite(SuiteRunnerWorker.java:53)\n\tat org.testng.SuiteRunnerWorker.run(SuiteRunnerWorker.java:96)\n\tat org.testng.TestNG.runSuitesSequentially(TestNG.java:1212)\n\tat org.testng.TestNG.runSuitesLocally(TestNG.java:1134)\n\tat org.testng.TestNG.runSuites(TestNG.java:1063)\n\tat org.testng.TestNG.run(TestNG.java:1031)\n\tat com.intellij.rt.testng.IDEARemoteTestNG.run(IDEARemoteTestNG.java:66)\n\tat com.intellij.rt.testng.RemoteTestNGStarter.main(RemoteTestNGStarter.java:110)\n\tSuppressed: org.openqa.selenium.json.JsonException: Attempting to close incomplete json stream\nBuild info: version: '3.141.59', revision: 'e82be7d358', time: '2018-11-14T08:17:03'\nSystem info: host: 'MacBook7528.local', ip: 'fe80:0:0:0:8f9:b71b:68bd:6195%en0', os.name: 'Mac OS X', os.arch: 'x86_64', os.version: '10.15.7', java.version: '1.8.0_251'\nDriver info: driver.version: ChromeDriver\n\t\tat org.openqa.selenium.json.JsonOutput.close(JsonOutput.java:279)\n\t\tat org.openqa.selenium.json.Json.toJson(Json.java:44)\n\t\t... 37 more\nCaused by: java.lang.ClassNotFoundException: com.google.gson.JsonElement\n\tat java.net.URLClassLoader.findClass(URLClassLoader.java:382)\n\tat java.lang.ClassLoader.loadClass(ClassLoader.java:418)\n\tat sun.misc.Launcher$AppClassLoader.loadClass(Launcher.java:355)\n\tat java.lang.ClassLoader.loadClass(ClassLoader.java:351)\n\t... 64 more\n"},"stage":"finished","steps":[],"attachments":[],"parameters":[],"start":1620153710029,"stop":1620153710032,"uuid":"efcdbde9-58ca-4394-8648-1e6c323f3ee5","historyId":"a2d6e46a6080feee5f1ed2048fcdf6f6","fullName":"pack01.tests.AuthPageTest.testLoginField","labels":[{"name":"package","value":"pack01.tests.AuthPageTest"},{"name":"testClass","value":"pack01.tests.AuthPageTest"},{"name":"testMethod","value":"testLoginField"},{"name":"parentSuite","value":"Default Suite"},{"name":"suite","value":"invisionapp"},{"name":"subSuite","value":"pack01.tests.AuthPageTest"},{"name":"host","value":"MacBook7528.local"},{"name":"thread","value":"1443@MacBook7528.local.main(1)"},{"name":"framework","value":"testng"},{"name":"language","value":"java"}],"links":[]}